The system is: Linux - 5.4.0-150-generic - x86_64
Compiling the CXX compiler identification source file "CMakeCXXCompilerId.cpp" succeeded.
Compiler: /usr/bin/arm-linux-gnueabihf-g++ 
Build flags: 
Id flags:  

The output was:
0


Compilation of the CXX compiler identification source "CMakeCXXCompilerId.cpp" produced "a.out"

The CXX compiler identification is GNU, found in "/home/kaist/DesignLab/20190288/final_ee405/ee405_final/motor_integration/build/CMakeFiles/3.10.2/CompilerIdCXX/a.out"

Determining if the CXX compiler works passed with the following output:
Change Dir: /home/kaist/DesignLab/20190288/final_ee405/ee405_final/motor_integration/build/CMakeFiles/CMakeTmp

Run Build Command:"/usr/bin/make" "cmTC_eb8ae/fast"
/usr/bin/make -f CMakeFiles/cmTC_eb8ae.dir/build.make CMakeFiles/cmTC_eb8ae.dir/build
make[1]: Entering directory '/home/kaist/DesignLab/20190288/final_ee405/ee405_final/motor_integration/build/CMakeFiles/CMakeTmp'
Building CXX object CMakeFiles/cmTC_eb8ae.dir/testCXXCompiler.cxx.o
/usr/bin/arm-linux-gnueabihf-g++     -o CMakeFiles/cmTC_eb8ae.dir/testCXXCompiler.cxx.o -c /home/kaist/DesignLab/20190288/final_ee405/ee405_final/motor_integration/build/CMakeFiles/CMakeTmp/testCXXCompiler.cxx
Linking CXX executable cmTC_eb8ae
/usr/bin/cmake -E cmake_link_script CMakeFiles/cmTC_eb8ae.dir/link.txt --verbose=1
/usr/bin/arm-linux-gnueabihf-g++       CMakeFiles/cmTC_eb8ae.dir/testCXXCompiler.cxx.o  -o cmTC_eb8ae 
make[1]: Leaving directory '/home/kaist/DesignLab/20190288/final_ee405/ee405_final/motor_integration/build/CMakeFiles/CMakeTmp'


Detecting CXX compiler ABI info compiled with the following output:
Change Dir: /home/kaist/DesignLab/20190288/final_ee405/ee405_final/motor_integration/build/CMakeFiles/CMakeTmp

Run Build Command:"/usr/bin/make" "cmTC_b276a/fast"
/usr/bin/make -f CMakeFiles/cmTC_b276a.dir/build.make CMakeFiles/cmTC_b276a.dir/build
make[1]: Entering directory '/home/kaist/DesignLab/20190288/final_ee405/ee405_final/motor_integration/build/CMakeFiles/CMakeTmp'
Building CXX object CMakeFiles/cmTC_b276a.dir/CMakeCXXCompilerABI.cpp.o
/usr/bin/arm-linux-gnueabihf-g++     -o CMakeFiles/cmTC_b276a.dir/CMakeCXXCompilerABI.cpp.o -c /usr/share/cmake-3.10/Modules/CMakeCXXCompilerABI.cpp
Linking CXX executable cmTC_b276a
/usr/bin/cmake -E cmake_link_script CMakeFiles/cmTC_b276a.dir/link.txt --verbose=1
/usr/bin/arm-linux-gnueabihf-g++      -v CMakeFiles/cmTC_b276a.dir/CMakeCXXCompilerABI.cpp.o  -o cmTC_b276a 
Using built-in specs.
COLLECT_GCC=/usr/bin/arm-linux-gnueabihf-g++
COLLECT_LTO_WRAPPER=/usr/lib/gcc-cross/arm-linux-gnueabihf/7/lto-wrapper
Target: arm-linux-gnueabihf
Configured with: ../src/configure -v --with-pkgversion='Ubuntu/Linaro 7.5.0-3ubuntu1~18.04' --with-bugurl=file:///usr/share/doc/gcc-7/README.Bugs --enable-languages=c,ada,c++,go,d,fortran,objc,obj-c++ --prefix=/usr --with-gcc-major-version-only --program-suffix=-7 --enable-shared --enable-linker-build-id --libexecdir=/usr/lib --without-included-gettext --enable-threads=posix --libdir=/usr/lib --enable-nls --with-sysroot=/ --enable-clocale=gnu --enable-libstdcxx-debug --enable-libstdcxx-time=yes --with-default-libstdcxx-abi=new --enable-gnu-unique-object --disable-libitm --disable-libquadmath --disable-libquadmath-support --enable-plugin --enable-default-pie --with-system-zlib --with-target-system-zlib --enable-multiarch --enable-multilib --disable-sjlj-exceptions --with-arch=armv7-a --with-fpu=vfpv3-d16 --with-float=hard --with-mode=thumb --disable-werror --enable-multilib --enable-checking=release --build=x86_64-linux-gnu --host=x86_64-linux-gnu --target=arm-linux-gnueabihf --program-prefix=arm-linux-gnueabihf- --includedir=/usr/arm-linux-gnueabihf/include
Thread model: posix
gcc version 7.5.0 (Ubuntu/Linaro 7.5.0-3ubuntu1~18.04) 
COMPILER_PATH=/usr/lib/gcc-cross/arm-linux-gnueabihf/7/:/usr/lib/gcc-cross/arm-linux-gnueabihf/7/:/usr/lib/gcc-cross/arm-linux-gnueabihf/:/usr/lib/gcc-cross/arm-linux-gnueabihf/7/:/usr/lib/gcc-cross/arm-linux-gnueabihf/:/usr/lib/gcc-cross/arm-linux-gnueabihf/7/../../../../arm-linux-gnueabihf/bin/
LIBRARY_PATH=/usr/lib/gcc-cross/arm-linux-gnueabihf/7/:/usr/lib/gcc-cross/arm-linux-gnueabihf/7/../../../../arm-linux-gnueabihf/lib/../lib/:/lib/../lib/:/usr/lib/arm-linux-gnueabihf/:/usr/lib/../lib/:/usr/lib/gcc-cross/arm-linux-gnueabihf/7/../../../../arm-linux-gnueabihf/lib/:/lib/:/usr/lib/
COLLECT_GCC_OPTIONS='-v' '-o' 'cmTC_b276a' '-shared-libgcc' '-march=armv7-a' '-mfloat-abi=hard' '-mfpu=vfpv3-d16' '-mthumb' '-mtls-dialect=gnu'
 /usr/lib/gcc-cross/arm-linux-gnueabihf/7/collect2 -plugin /usr/lib/gcc-cross/arm-linux-gnueabihf/7/liblto_plugin.so -plugin-opt=/usr/lib/gcc-cross/arm-linux-gnueabihf/7/lto-wrapper -plugin-opt=-fresolution=/tmp/cc4Ec8Qc.res -plugin-opt=-pass-through=-lgcc_s -plugin-opt=-pass-through=-lgcc -plugin-opt=-pass-through=-lc -plugin-opt=-pass-through=-lgcc_s -plugin-opt=-pass-through=-lgcc --sysroot=/ --build-id --eh-frame-hdr -dynamic-linker /lib/ld-linux-armhf.so.3 -X --hash-style=gnu --as-needed -m armelf_linux_eabi -pie -z now -z relro -o cmTC_b276a /usr/lib/gcc-cross/arm-linux-gnueabihf/7/../../../../arm-linux-gnueabihf/lib/../lib/Scrt1.o /usr/lib/gcc-cross/arm-linux-gnueabihf/7/../../../../arm-linux-gnueabihf/lib/../lib/crti.o /usr/lib/gcc-cross/arm-linux-gnueabihf/7/crtbeginS.o -L/usr/lib/gcc-cross/arm-linux-gnueabihf/7 -L/usr/lib/gcc-cross/arm-linux-gnueabihf/7/../../../../arm-linux-gnueabihf/lib/../lib -L/lib/../lib -L/usr/lib/arm-linux-gnueabihf -L/usr/lib/../lib -L/usr/lib/gcc-cross/arm-linux-gnueabihf/7/../../../../arm-linux-gnueabihf/lib CMakeFiles/cmTC_b276a.dir/CMakeCXXCompilerABI.cpp.o -lstdc++ -lm -lgcc_s -lgcc -lc -lgcc_s -lgcc /usr/lib/gcc-cross/arm-linux-gnueabihf/7/crtendS.o /usr/lib/gcc-cross/arm-linux-gnueabihf/7/../../../../arm-linux-gnueabihf/lib/../lib/crtn.o
COLLECT_GCC_OPTIONS='-v' '-o' 'cmTC_b276a' '-shared-libgcc' '-march=armv7-a' '-mfloat-abi=hard' '-mfpu=vfpv3-d16' '-mthumb' '-mtls-dialect=gnu'
make[1]: Leaving directory '/home/kaist/DesignLab/20190288/final_ee405/ee405_final/motor_integration/build/CMakeFiles/CMakeTmp'


Parsed CXX implicit link information from above output:
  link line regex: [^( *|.*[/\])(ld|CMAKE_LINK_STARTFILE-NOTFOUND|([^/\]+-)?ld|collect2)[^/\]*( |$)]
  ignore line: [Change Dir: /home/kaist/DesignLab/20190288/final_ee405/ee405_final/motor_integration/build/CMakeFiles/CMakeTmp]
  ignore line: []
  ignore line: [Run Build Command:"/usr/bin/make" "cmTC_b276a/fast"]
  ignore line: [/usr/bin/make -f CMakeFiles/cmTC_b276a.dir/build.make CMakeFiles/cmTC_b276a.dir/build]
  ignore line: [make[1]: Entering directory '/home/kaist/DesignLab/20190288/final_ee405/ee405_final/motor_integration/build/CMakeFiles/CMakeTmp']
  ignore line: [Building CXX object CMakeFiles/cmTC_b276a.dir/CMakeCXXCompilerABI.cpp.o]
  ignore line: [/usr/bin/arm-linux-gnueabihf-g++     -o CMakeFiles/cmTC_b276a.dir/CMakeCXXCompilerABI.cpp.o -c /usr/share/cmake-3.10/Modules/CMakeCXXCompilerABI.cpp]
  ignore line: [Linking CXX executable cmTC_b276a]
  ignore line: [/usr/bin/cmake -E cmake_link_script CMakeFiles/cmTC_b276a.dir/link.txt --verbose=1]
  ignore line: [/usr/bin/arm-linux-gnueabihf-g++      -v CMakeFiles/cmTC_b276a.dir/CMakeCXXCompilerABI.cpp.o  -o cmTC_b276a ]
  ignore line: [Using built-in specs.]
  ignore line: [COLLECT_GCC=/usr/bin/arm-linux-gnueabihf-g++]
  ignore line: [COLLECT_LTO_WRAPPER=/usr/lib/gcc-cross/arm-linux-gnueabihf/7/lto-wrapper]
  ignore line: [Target: arm-linux-gnueabihf]
  ignore line: [Configured with: ../src/configure -v --with-pkgversion='Ubuntu/Linaro 7.5.0-3ubuntu1~18.04' --with-bugurl=file:///usr/share/doc/gcc-7/README.Bugs --enable-languages=c,ada,c++,go,d,fortran,objc,obj-c++ --prefix=/usr --with-gcc-major-version-only --program-suffix=-7 --enable-shared --enable-linker-build-id --libexecdir=/usr/lib --without-included-gettext --enable-threads=posix --libdir=/usr/lib --enable-nls --with-sysroot=/ --enable-clocale=gnu --enable-libstdcxx-debug --enable-libstdcxx-time=yes --with-default-libstdcxx-abi=new --enable-gnu-unique-object --disable-libitm --disable-libquadmath --disable-libquadmath-support --enable-plugin --enable-default-pie --with-system-zlib --with-target-system-zlib --enable-multiarch --enable-multilib --disable-sjlj-exceptions --with-arch=armv7-a --with-fpu=vfpv3-d16 --with-float=hard --with-mode=thumb --disable-werror --enable-multilib --enable-checking=release --build=x86_64-linux-gnu --host=x86_64-linux-gnu --target=arm-linux-gnueabihf --program-prefix=arm-linux-gnueabihf- --includedir=/usr/arm-linux-gnueabihf/include]
  ignore line: [Thread model: posix]
  ignore line: [gcc version 7.5.0 (Ubuntu/Linaro 7.5.0-3ubuntu1~18.04) ]
  ignore line: [COMPILER_PATH=/usr/lib/gcc-cross/arm-linux-gnueabihf/7/:/usr/lib/gcc-cross/arm-linux-gnueabihf/7/:/usr/lib/gcc-cross/arm-linux-gnueabihf/:/usr/lib/gcc-cross/arm-linux-gnueabihf/7/:/usr/lib/gcc-cross/arm-linux-gnueabihf/:/usr/lib/gcc-cross/arm-linux-gnueabihf/7/../../../../arm-linux-gnueabihf/bin/]
  ignore line: [LIBRARY_PATH=/usr/lib/gcc-cross/arm-linux-gnueabihf/7/:/usr/lib/gcc-cross/arm-linux-gnueabihf/7/../../../../arm-linux-gnueabihf/lib/../lib/:/lib/../lib/:/usr/lib/arm-linux-gnueabihf/:/usr/lib/../lib/:/usr/lib/gcc-cross/arm-linux-gnueabihf/7/../../../../arm-linux-gnueabihf/lib/:/lib/:/usr/lib/]
  ignore line: [COLLECT_GCC_OPTIONS='-v' '-o' 'cmTC_b276a' '-shared-libgcc' '-march=armv7-a' '-mfloat-abi=hard' '-mfpu=vfpv3-d16' '-mthumb' '-mtls-dialect=gnu']
  link line: [ /usr/lib/gcc-cross/arm-linux-gnueabihf/7/collect2 -plugin /usr/lib/gcc-cross/arm-linux-gnueabihf/7/liblto_plugin.so -plugin-opt=/usr/lib/gcc-cross/arm-linux-gnueabihf/7/lto-wrapper -plugin-opt=-fresolution=/tmp/cc4Ec8Qc.res -plugin-opt=-pass-through=-lgcc_s -plugin-opt=-pass-through=-lgcc -plugin-opt=-pass-through=-lc -plugin-opt=-pass-through=-lgcc_s -plugin-opt=-pass-through=-lgcc --sysroot=/ --build-id --eh-frame-hdr -dynamic-linker /lib/ld-linux-armhf.so.3 -X --hash-style=gnu --as-needed -m armelf_linux_eabi -pie -z now -z relro -o cmTC_b276a /usr/lib/gcc-cross/arm-linux-gnueabihf/7/../../../../arm-linux-gnueabihf/lib/../lib/Scrt1.o /usr/lib/gcc-cross/arm-linux-gnueabihf/7/../../../../arm-linux-gnueabihf/lib/../lib/crti.o /usr/lib/gcc-cross/arm-linux-gnueabihf/7/crtbeginS.o -L/usr/lib/gcc-cross/arm-linux-gnueabihf/7 -L/usr/lib/gcc-cross/arm-linux-gnueabihf/7/../../../../arm-linux-gnueabihf/lib/../lib -L/lib/../lib -L/usr/lib/arm-linux-gnueabihf -L/usr/lib/../lib -L/usr/lib/gcc-cross/arm-linux-gnueabihf/7/../../../../arm-linux-gnueabihf/lib CMakeFiles/cmTC_b276a.dir/CMakeCXXCompilerABI.cpp.o -lstdc++ -lm -lgcc_s -lgcc -lc -lgcc_s -lgcc /usr/lib/gcc-cross/arm-linux-gnueabihf/7/crtendS.o /usr/lib/gcc-cross/arm-linux-gnueabihf/7/../../../../arm-linux-gnueabihf/lib/../lib/crtn.o]
    arg [/usr/lib/gcc-cross/arm-linux-gnueabihf/7/collect2] ==> ignore
    arg [-plugin] ==> ignore
    arg [/usr/lib/gcc-cross/arm-linux-gnueabihf/7/liblto_plugin.so] ==> ignore
    arg [-plugin-opt=/usr/lib/gcc-cross/arm-linux-gnueabihf/7/lto-wrapper] ==> ignore
    arg [-plugin-opt=-fresolution=/tmp/cc4Ec8Qc.res] ==> ignore
    arg [-plugin-opt=-pass-through=-lgcc_s] ==> ignore
    arg [-plugin-opt=-pass-through=-lgcc] ==> ignore
    arg [-plugin-opt=-pass-through=-lc] ==> ignore
    arg [-plugin-opt=-pass-through=-lgcc_s] ==> ignore
    arg [-plugin-opt=-pass-through=-lgcc] ==> ignore
    arg [--sysroot=/] ==> ignore
    arg [--build-id] ==> ignore
    arg [--eh-frame-hdr] ==> ignore
    arg [-dynamic-linker] ==> ignore
    arg [/lib/ld-linux-armhf.so.3] ==> ignore
    arg [-X] ==> ignore
    arg [--hash-style=gnu] ==> ignore
    arg [--as-needed] ==> ignore
    arg [-m] ==> ignore
    arg [armelf_linux_eabi] ==> ignore
    arg [-pie] ==> ignore
    arg [-znow] ==> ignore
    arg [-zrelro] ==> ignore
    arg [-o] ==> ignore
    arg [cmTC_b276a] ==> ignore
    arg [/usr/lib/gcc-cross/arm-linux-gnueabihf/7/../../../../arm-linux-gnueabihf/lib/../lib/Scrt1.o] ==> ignore
    arg [/usr/lib/gcc-cross/arm-linux-gnueabihf/7/../../../../arm-linux-gnueabihf/lib/../lib/crti.o] ==> ignore
    arg [/usr/lib/gcc-cross/arm-linux-gnueabihf/7/crtbeginS.o] ==> ignore
    arg [-L/usr/lib/gcc-cross/arm-linux-gnueabihf/7] ==> dir [/usr/lib/gcc-cross/arm-linux-gnueabihf/7]
    arg [-L/usr/lib/gcc-cross/arm-linux-gnueabihf/7/../../../../arm-linux-gnueabihf/lib/../lib] ==> dir [/usr/lib/gcc-cross/arm-linux-gnueabihf/7/../../../../arm-linux-gnueabihf/lib/../lib]
    arg [-L/lib/../lib] ==> dir [/lib/../lib]
    arg [-L/usr/lib/arm-linux-gnueabihf] ==> dir [/usr/lib/arm-linux-gnueabihf]
    arg [-L/usr/lib/../lib] ==> dir [/usr/lib/../lib]
    arg [-L/usr/lib/gcc-cross/arm-linux-gnueabihf/7/../../../../arm-linux-gnueabihf/lib] ==> dir [/usr/lib/gcc-cross/arm-linux-gnueabihf/7/../../../../arm-linux-gnueabihf/lib]
    arg [CMakeFiles/cmTC_b276a.dir/CMakeCXXCompilerABI.cpp.o] ==> ignore
    arg [-lstdc++] ==> lib [stdc++]
    arg [-lm] ==> lib [m]
    arg [-lgcc_s] ==> lib [gcc_s]
    arg [-lgcc] ==> lib [gcc]
    arg [-lc] ==> lib [c]
    arg [-lgcc_s] ==> lib [gcc_s]
    arg [-lgcc] ==> lib [gcc]
    arg [/usr/lib/gcc-cross/arm-linux-gnueabihf/7/crtendS.o] ==> ignore
    arg [/usr/lib/gcc-cross/arm-linux-gnueabihf/7/../../../../arm-linux-gnueabihf/lib/../lib/crtn.o] ==> ignore
  collapse library dir [/usr/lib/gcc-cross/arm-linux-gnueabihf/7] ==> [/usr/lib/gcc-cross/arm-linux-gnueabihf/7]
  collapse library dir [/usr/lib/gcc-cross/arm-linux-gnueabihf/7/../../../../arm-linux-gnueabihf/lib/../lib] ==> [/usr/arm-linux-gnueabihf/lib]
  collapse library dir [/lib/../lib] ==> [/lib]
  collapse library dir [/usr/lib/arm-linux-gnueabihf] ==> [/usr/lib/arm-linux-gnueabihf]
  collapse library dir [/usr/lib/../lib] ==> [/usr/lib]
  collapse library dir [/usr/lib/gcc-cross/arm-linux-gnueabihf/7/../../../../arm-linux-gnueabihf/lib] ==> [/usr/arm-linux-gnueabihf/lib]
  implicit libs: [stdc++;m;gcc_s;gcc;c;gcc_s;gcc]
  implicit dirs: [/usr/lib/gcc-cross/arm-linux-gnueabihf/7;/usr/arm-linux-gnueabihf/lib;/lib;/usr/lib/arm-linux-gnueabihf;/usr/lib]
  implicit fwks: []




Detecting CXX [-std=c++1z] compiler features compiled with the following output:
Change Dir: /home/kaist/DesignLab/20190288/final_ee405/ee405_final/motor_integration/build/CMakeFiles/CMakeTmp

Run Build Command:"/usr/bin/make" "cmTC_a5602/fast"
/usr/bin/make -f CMakeFiles/cmTC_a5602.dir/build.make CMakeFiles/cmTC_a5602.dir/build
make[1]: Entering directory '/home/kaist/DesignLab/20190288/final_ee405/ee405_final/motor_integration/build/CMakeFiles/CMakeTmp'
Building CXX object CMakeFiles/cmTC_a5602.dir/feature_tests.cxx.o
/usr/bin/arm-linux-gnueabihf-g++    -std=c++1z -o CMakeFiles/cmTC_a5602.dir/feature_tests.cxx.o -c /home/kaist/DesignLab/20190288/final_ee405/ee405_final/motor_integration/build/CMakeFiles/feature_tests.cxx
Linking CXX executable cmTC_a5602
/usr/bin/cmake -E cmake_link_script CMakeFiles/cmTC_a5602.dir/link.txt --verbose=1
/usr/bin/arm-linux-gnueabihf-g++       CMakeFiles/cmTC_a5602.dir/feature_tests.cxx.o  -o cmTC_a5602 
make[1]: Leaving directory '/home/kaist/DesignLab/20190288/final_ee405/ee405_final/motor_integration/build/CMakeFiles/CMakeTmp'


    Feature record: CXX_FEATURE:1cxx_aggregate_default_initializers
    Feature record: CXX_FEATURE:1cxx_alias_templates
    Feature record: CXX_FEATURE:1cxx_alignas
    Feature record: CXX_FEATURE:1cxx_alignof
    Feature record: CXX_FEATURE:1cxx_attributes
    Feature record: CXX_FEATURE:1cxx_attribute_deprecated
    Feature record: CXX_FEATURE:1cxx_auto_type
    Feature record: CXX_FEATURE:1cxx_binary_literals
    Feature record: CXX_FEATURE:1cxx_constexpr
    Feature record: CXX_FEATURE:1cxx_contextual_conversions
    Feature record: CXX_FEATURE:1cxx_decltype
    Feature record: CXX_FEATURE:1cxx_decltype_auto
    Feature record: CXX_FEATURE:1cxx_decltype_incomplete_return_types
    Feature record: CXX_FEATURE:1cxx_default_function_template_args
    Feature record: CXX_FEATURE:1cxx_defaulted_functions
    Feature record: CXX_FEATURE:1cxx_defaulted_move_initializers
    Feature record: CXX_FEATURE:1cxx_delegating_constructors
    Feature record: CXX_FEATURE:1cxx_deleted_functions
    Feature record: CXX_FEATURE:1cxx_digit_separators
    Feature record: CXX_FEATURE:1cxx_enum_forward_declarations
    Feature record: CXX_FEATURE:1cxx_explicit_conversions
    Feature record: CXX_FEATURE:1cxx_extended_friend_declarations
    Feature record: CXX_FEATURE:1cxx_extern_templates
    Feature record: CXX_FEATURE:1cxx_final
    Feature record: CXX_FEATURE:1cxx_func_identifier
    Feature record: CXX_FEATURE:1cxx_generalized_initializers
    Feature record: CXX_FEATURE:1cxx_generic_lambdas
    Feature record: CXX_FEATURE:1cxx_inheriting_constructors
    Feature record: CXX_FEATURE:1cxx_inline_namespaces
    Feature record: CXX_FEATURE:1cxx_lambdas
    Feature record: CXX_FEATURE:1cxx_lambda_init_captures
    Feature record: CXX_FEATURE:1cxx_local_type_template_args
    Feature record: CXX_FEATURE:1cxx_long_long_type
    Feature record: CXX_FEATURE:1cxx_noexcept
    Feature record: CXX_FEATURE:1cxx_nonstatic_member_init
    Feature record: CXX_FEATURE:1cxx_nullptr
    Feature record: CXX_FEATURE:1cxx_override
    Feature record: CXX_FEATURE:1cxx_range_for
    Feature record: CXX_FEATURE:1cxx_raw_string_literals
    Feature record: CXX_FEATURE:1cxx_reference_qualified_functions
    Feature record: CXX_FEATURE:1cxx_relaxed_constexpr
    Feature record: CXX_FEATURE:1cxx_return_type_deduction
    Feature record: CXX_FEATURE:1cxx_right_angle_brackets
    Feature record: CXX_FEATURE:1cxx_rvalue_references
    Feature record: CXX_FEATURE:1cxx_sizeof_member
    Feature record: CXX_FEATURE:1cxx_static_assert
    Feature record: CXX_FEATURE:1cxx_strong_enums
    Feature record: CXX_FEATURE:1cxx_template_template_parameters
    Feature record: CXX_FEATURE:1cxx_thread_local
    Feature record: CXX_FEATURE:1cxx_trailing_return_types
    Feature record: CXX_FEATURE:1cxx_unicode_literals
    Feature record: CXX_FEATURE:1cxx_uniform_initialization
    Feature record: CXX_FEATURE:1cxx_unrestricted_unions
    Feature record: CXX_FEATURE:1cxx_user_literals
    Feature record: CXX_FEATURE:1cxx_variable_templates
    Feature record: CXX_FEATURE:1cxx_variadic_macros
    Feature record: CXX_FEATURE:1cxx_variadic_templates


Detecting CXX [-std=c++14] compiler features compiled with the following output:
Change Dir: /home/kaist/DesignLab/20190288/final_ee405/ee405_final/motor_integration/build/CMakeFiles/CMakeTmp

Run Build Command:"/usr/bin/make" "cmTC_2ac5b/fast"
/usr/bin/make -f CMakeFiles/cmTC_2ac5b.dir/build.make CMakeFiles/cmTC_2ac5b.dir/build
make[1]: Entering directory '/home/kaist/DesignLab/20190288/final_ee405/ee405_final/motor_integration/build/CMakeFiles/CMakeTmp'
Building CXX object CMakeFiles/cmTC_2ac5b.dir/feature_tests.cxx.o
/usr/bin/arm-linux-gnueabihf-g++    -std=c++14 -o CMakeFiles/cmTC_2ac5b.dir/feature_tests.cxx.o -c /home/kaist/DesignLab/20190288/final_ee405/ee405_final/motor_integration/build/CMakeFiles/feature_tests.cxx
Linking CXX executable cmTC_2ac5b
/usr/bin/cmake -E cmake_link_script CMakeFiles/cmTC_2ac5b.dir/link.txt --verbose=1
/usr/bin/arm-linux-gnueabihf-g++       CMakeFiles/cmTC_2ac5b.dir/feature_tests.cxx.o  -o cmTC_2ac5b 
make[1]: Leaving directory '/home/kaist/DesignLab/20190288/final_ee405/ee405_final/motor_integration/build/CMakeFiles/CMakeTmp'


    Feature record: CXX_FEATURE:1cxx_aggregate_default_initializers
    Feature record: CXX_FEATURE:1cxx_alias_templates
    Feature record: CXX_FEATURE:1cxx_alignas
    Feature record: CXX_FEATURE:1cxx_alignof
    Feature record: CXX_FEATURE:1cxx_attributes
    Feature record: CXX_FEATURE:1cxx_attribute_deprecated
    Feature record: CXX_FEATURE:1cxx_auto_type
    Feature record: CXX_FEATURE:1cxx_binary_literals
    Feature record: CXX_FEATURE:1cxx_constexpr
    Feature record: CXX_FEATURE:1cxx_contextual_conversions
    Feature record: CXX_FEATURE:1cxx_decltype
    Feature record: CXX_FEATURE:1cxx_decltype_auto
    Feature record: CXX_FEATURE:1cxx_decltype_incomplete_return_types
    Feature record: CXX_FEATURE:1cxx_default_function_template_args
    Feature record: CXX_FEATURE:1cxx_defaulted_functions
    Feature record: CXX_FEATURE:1cxx_defaulted_move_initializers
    Feature record: CXX_FEATURE:1cxx_delegating_constructors
    Feature record: CXX_FEATURE:1cxx_deleted_functions
    Feature record: CXX_FEATURE:1cxx_digit_separators
    Feature record: CXX_FEATURE:1cxx_enum_forward_declarations
    Feature record: CXX_FEATURE:1cxx_explicit_conversions
    Feature record: CXX_FEATURE:1cxx_extended_friend_declarations
    Feature record: CXX_FEATURE:1cxx_extern_templates
    Feature record: CXX_FEATURE:1cxx_final
    Feature record: CXX_FEATURE:1cxx_func_identifier
    Feature record: CXX_FEATURE:1cxx_generalized_initializers
    Feature record: CXX_FEATURE:1cxx_generic_lambdas
    Feature record: CXX_FEATURE:1cxx_inheriting_constructors
    Feature record: CXX_FEATURE:1cxx_inline_namespaces
    Feature record: CXX_FEATURE:1cxx_lambdas
    Feature record: CXX_FEATURE:1cxx_lambda_init_captures
    Feature record: CXX_FEATURE:1cxx_local_type_template_args
    Feature record: CXX_FEATURE:1cxx_long_long_type
    Feature record: CXX_FEATURE:1cxx_noexcept
    Feature record: CXX_FEATURE:1cxx_nonstatic_member_init
    Feature record: CXX_FEATURE:1cxx_nullptr
    Feature record: CXX_FEATURE:1cxx_override
    Feature record: CXX_FEATURE:1cxx_range_for
    Feature record: CXX_FEATURE:1cxx_raw_string_literals
    Feature record: CXX_FEATURE:1cxx_reference_qualified_functions
    Feature record: CXX_FEATURE:1cxx_relaxed_constexpr
    Feature record: CXX_FEATURE:1cxx_return_type_deduction
    Feature record: CXX_FEATURE:1cxx_right_angle_brackets
    Feature record: CXX_FEATURE:1cxx_rvalue_references
    Feature record: CXX_FEATURE:1cxx_sizeof_member
    Feature record: CXX_FEATURE:1cxx_static_assert
    Feature record: CXX_FEATURE:1cxx_strong_enums
    Feature record: CXX_FEATURE:1cxx_template_template_parameters
    Feature record: CXX_FEATURE:1cxx_thread_local
    Feature record: CXX_FEATURE:1cxx_trailing_return_types
    Feature record: CXX_FEATURE:1cxx_unicode_literals
    Feature record: CXX_FEATURE:1cxx_uniform_initialization
    Feature record: CXX_FEATURE:1cxx_unrestricted_unions
    Feature record: CXX_FEATURE:1cxx_user_literals
    Feature record: CXX_FEATURE:1cxx_variable_templates
    Feature record: CXX_FEATURE:1cxx_variadic_macros
    Feature record: CXX_FEATURE:1cxx_variadic_templates


Detecting CXX [-std=c++11] compiler features compiled with the following output:
Change Dir: /home/kaist/DesignLab/20190288/final_ee405/ee405_final/motor_integration/build/CMakeFiles/CMakeTmp

Run Build Command:"/usr/bin/make" "cmTC_1a408/fast"
/usr/bin/make -f CMakeFiles/cmTC_1a408.dir/build.make CMakeFiles/cmTC_1a408.dir/build
make[1]: Entering directory '/home/kaist/DesignLab/20190288/final_ee405/ee405_final/motor_integration/build/CMakeFiles/CMakeTmp'
Building CXX object CMakeFiles/cmTC_1a408.dir/feature_tests.cxx.o
/usr/bin/arm-linux-gnueabihf-g++    -std=c++11 -o CMakeFiles/cmTC_1a408.dir/feature_tests.cxx.o -c /home/kaist/DesignLab/20190288/final_ee405/ee405_final/motor_integration/build/CMakeFiles/feature_tests.cxx
Linking CXX executable cmTC_1a408
/usr/bin/cmake -E cmake_link_script CMakeFiles/cmTC_1a408.dir/link.txt --verbose=1
/usr/bin/arm-linux-gnueabihf-g++       CMakeFiles/cmTC_1a408.dir/feature_tests.cxx.o  -o cmTC_1a408 
make[1]: Leaving directory '/home/kaist/DesignLab/20190288/final_ee405/ee405_final/motor_integration/build/CMakeFiles/CMakeTmp'


    Feature record: CXX_FEATURE:0cxx_aggregate_default_initializers
    Feature record: CXX_FEATURE:1cxx_alias_templates
    Feature record: CXX_FEATURE:1cxx_alignas
    Feature record: CXX_FEATURE:1cxx_alignof
    Feature record: CXX_FEATURE:1cxx_attributes
    Feature record: CXX_FEATURE:0cxx_attribute_deprecated
    Feature record: CXX_FEATURE:1cxx_auto_type
    Feature record: CXX_FEATURE:0cxx_binary_literals
    Feature record: CXX_FEATURE:1cxx_constexpr
    Feature record: CXX_FEATURE:0cxx_contextual_conversions
    Feature record: CXX_FEATURE:1cxx_decltype
    Feature record: CXX_FEATURE:0cxx_decltype_auto
    Feature record: CXX_FEATURE:1cxx_decltype_incomplete_return_types
    Feature record: CXX_FEATURE:1cxx_default_function_template_args
    Feature record: CXX_FEATURE:1cxx_defaulted_functions
    Feature record: CXX_FEATURE:1cxx_defaulted_move_initializers
    Feature record: CXX_FEATURE:1cxx_delegating_constructors
    Feature record: CXX_FEATURE:1cxx_deleted_functions
    Feature record: CXX_FEATURE:0cxx_digit_separators
    Feature record: CXX_FEATURE:1cxx_enum_forward_declarations
    Feature record: CXX_FEATURE:1cxx_explicit_conversions
    Feature record: CXX_FEATURE:1cxx_extended_friend_declarations
    Feature record: CXX_FEATURE:1cxx_extern_templates
    Feature record: CXX_FEATURE:1cxx_final
    Feature record: CXX_FEATURE:1cxx_func_identifier
    Feature record: CXX_FEATURE:1cxx_generalized_initializers
    Feature record: CXX_FEATURE:0cxx_generic_lambdas
    Feature record: CXX_FEATURE:1cxx_inheriting_constructors
    Feature record: CXX_FEATURE:1cxx_inline_namespaces
    Feature record: CXX_FEATURE:1cxx_lambdas
    Feature record: CXX_FEATURE:0cxx_lambda_init_captures
    Feature record: CXX_FEATURE:1cxx_local_type_template_args
    Feature record: CXX_FEATURE:1cxx_long_long_type
    Feature record: CXX_FEATURE:1cxx_noexcept
    Feature record: CXX_FEATURE:1cxx_nonstatic_member_init
    Feature record: CXX_FEATURE:1cxx_nullptr
    Feature record: CXX_FEATURE:1cxx_override
    Feature record: CXX_FEATURE:1cxx_range_for
    Feature record: CXX_FEATURE:1cxx_raw_string_literals
    Feature record: CXX_FEATURE:1cxx_reference_qualified_functions
    Feature record: CXX_FEATURE:0cxx_relaxed_constexpr
    Feature record: CXX_FEATURE:0cxx_return_type_deduction
    Feature record: CXX_FEATURE:1cxx_right_angle_brackets
    Feature record: CXX_FEATURE:1cxx_rvalue_references
    Feature record: CXX_FEATURE:1cxx_sizeof_member
    Feature record: CXX_FEATURE:1cxx_static_assert
    Feature record: CXX_FEATURE:1cxx_strong_enums
    Feature record: CXX_FEATURE:1cxx_template_template_parameters
    Feature record: CXX_FEATURE:1cxx_thread_local
    Feature record: CXX_FEATURE:1cxx_trailing_return_types
    Feature record: CXX_FEATURE:1cxx_unicode_literals
    Feature record: CXX_FEATURE:1cxx_uniform_initialization
    Feature record: CXX_FEATURE:1cxx_unrestricted_unions
    Feature record: CXX_FEATURE:1cxx_user_literals
    Feature record: CXX_FEATURE:0cxx_variable_templates
    Feature record: CXX_FEATURE:1cxx_variadic_macros
    Feature record: CXX_FEATURE:1cxx_variadic_templates


Detecting CXX [-std=c++98] compiler features compiled with the following output:
Change Dir: /home/kaist/DesignLab/20190288/final_ee405/ee405_final/motor_integration/build/CMakeFiles/CMakeTmp

Run Build Command:"/usr/bin/make" "cmTC_16838/fast"
/usr/bin/make -f CMakeFiles/cmTC_16838.dir/build.make CMakeFiles/cmTC_16838.dir/build
make[1]: Entering directory '/home/kaist/DesignLab/20190288/final_ee405/ee405_final/motor_integration/build/CMakeFiles/CMakeTmp'
Building CXX object CMakeFiles/cmTC_16838.dir/feature_tests.cxx.o
/usr/bin/arm-linux-gnueabihf-g++    -std=c++98 -o CMakeFiles/cmTC_16838.dir/feature_tests.cxx.o -c /home/kaist/DesignLab/20190288/final_ee405/ee405_final/motor_integration/build/CMakeFiles/feature_tests.cxx
Linking CXX executable cmTC_16838
/usr/bin/cmake -E cmake_link_script CMakeFiles/cmTC_16838.dir/link.txt --verbose=1
/usr/bin/arm-linux-gnueabihf-g++       CMakeFiles/cmTC_16838.dir/feature_tests.cxx.o  -o cmTC_16838 
make[1]: Leaving directory '/home/kaist/DesignLab/20190288/final_ee405/ee405_final/motor_integration/build/CMakeFiles/CMakeTmp'


    Feature record: CXX_FEATURE:0cxx_aggregate_default_initializers
    Feature record: CXX_FEATURE:0cxx_alias_templates
    Feature record: CXX_FEATURE:0cxx_alignas
    Feature record: CXX_FEATURE:0cxx_alignof
    Feature record: CXX_FEATURE:0cxx_attributes
    Feature record: CXX_FEATURE:0cxx_attribute_deprecated
    Feature record: CXX_FEATURE:0cxx_auto_type
    Feature record: CXX_FEATURE:0cxx_binary_literals
    Feature record: CXX_FEATURE:0cxx_constexpr
    Feature record: CXX_FEATURE:0cxx_contextual_conversions
    Feature record: CXX_FEATURE:0cxx_decltype
    Feature record: CXX_FEATURE:0cxx_decltype_auto
    Feature record: CXX_FEATURE:0cxx_decltype_incomplete_return_types
    Feature record: CXX_FEATURE:0cxx_default_function_template_args
    Feature record: CXX_FEATURE:0cxx_defaulted_functions
    Feature record: CXX_FEATURE:0cxx_defaulted_move_initializers
    Feature record: CXX_FEATURE:0cxx_delegating_constructors
    Feature record: CXX_FEATURE:0cxx_deleted_functions
    Feature record: CXX_FEATURE:0cxx_digit_separators
    Feature record: CXX_FEATURE:0cxx_enum_forward_declarations
    Feature record: CXX_FEATURE:0cxx_explicit_conversions
    Feature record: CXX_FEATURE:0cxx_extended_friend_declarations
    Feature record: CXX_FEATURE:0cxx_extern_templates
    Feature record: CXX_FEATURE:0cxx_final
    Feature record: CXX_FEATURE:0cxx_func_identifier
    Feature record: CXX_FEATURE:0cxx_generalized_initializers
    Feature record: CXX_FEATURE:0cxx_generic_lambdas
    Feature record: CXX_FEATURE:0cxx_inheriting_constructors
    Feature record: CXX_FEATURE:0cxx_inline_namespaces
    Feature record: CXX_FEATURE:0cxx_lambdas
    Feature record: CXX_FEATURE:0cxx_lambda_init_captures
    Feature record: CXX_FEATURE:0cxx_local_type_template_args
    Feature record: CXX_FEATURE:0cxx_long_long_type
    Feature record: CXX_FEATURE:0cxx_noexcept
    Feature record: CXX_FEATURE:0cxx_nonstatic_member_init
    Feature record: CXX_FEATURE:0cxx_nullptr
    Feature record: CXX_FEATURE:0cxx_override
    Feature record: CXX_FEATURE:0cxx_range_for
    Feature record: CXX_FEATURE:0cxx_raw_string_literals
    Feature record: CXX_FEATURE:0cxx_reference_qualified_functions
    Feature record: CXX_FEATURE:0cxx_relaxed_constexpr
    Feature record: CXX_FEATURE:0cxx_return_type_deduction
    Feature record: CXX_FEATURE:0cxx_right_angle_brackets
    Feature record: CXX_FEATURE:0cxx_rvalue_references
    Feature record: CXX_FEATURE:0cxx_sizeof_member
    Feature record: CXX_FEATURE:0cxx_static_assert
    Feature record: CXX_FEATURE:0cxx_strong_enums
    Feature record: CXX_FEATURE:1cxx_template_template_parameters
    Feature record: CXX_FEATURE:0cxx_thread_local
    Feature record: CXX_FEATURE:0cxx_trailing_return_types
    Feature record: CXX_FEATURE:0cxx_unicode_literals
    Feature record: CXX_FEATURE:0cxx_uniform_initialization
    Feature record: CXX_FEATURE:0cxx_unrestricted_unions
    Feature record: CXX_FEATURE:0cxx_user_literals
    Feature record: CXX_FEATURE:0cxx_variable_templates
    Feature record: CXX_FEATURE:0cxx_variadic_macros
    Feature record: CXX_FEATURE:0cxx_variadic_templates
Determining if the include file pthread.h exists passed with the following output:
Change Dir: /home/kaist/DesignLab/20190288/final_ee405/ee405_final/motor_integration/build/CMakeFiles/CMakeTmp

Run Build Command:"/usr/bin/make" "cmTC_dab90/fast"
/usr/bin/make -f CMakeFiles/cmTC_dab90.dir/build.make CMakeFiles/cmTC_dab90.dir/build
make[1]: Entering directory '/home/kaist/DesignLab/20190288/final_ee405/ee405_final/motor_integration/build/CMakeFiles/CMakeTmp'
Building CXX object CMakeFiles/cmTC_dab90.dir/CheckIncludeFile.cxx.o
/usr/bin/arm-linux-gnueabihf-g++     -o CMakeFiles/cmTC_dab90.dir/CheckIncludeFile.cxx.o -c /home/kaist/DesignLab/20190288/final_ee405/ee405_final/motor_integration/build/CMakeFiles/CMakeTmp/CheckIncludeFile.cxx
Linking CXX executable cmTC_dab90
/usr/bin/cmake -E cmake_link_script CMakeFiles/cmTC_dab90.dir/link.txt --verbose=1
/usr/bin/arm-linux-gnueabihf-g++       CMakeFiles/cmTC_dab90.dir/CheckIncludeFile.cxx.o  -o cmTC_dab90 
make[1]: Leaving directory '/home/kaist/DesignLab/20190288/final_ee405/ee405_final/motor_integration/build/CMakeFiles/CMakeTmp'


Determining if the function pthread_create exists in the pthread passed with the following output:
Change Dir: /home/kaist/DesignLab/20190288/final_ee405/ee405_final/motor_integration/build/CMakeFiles/CMakeTmp

Run Build Command:"/usr/bin/make" "cmTC_38f3d/fast"
/usr/bin/make -f CMakeFiles/cmTC_38f3d.dir/build.make CMakeFiles/cmTC_38f3d.dir/build
make[1]: Entering directory '/home/kaist/DesignLab/20190288/final_ee405/ee405_final/motor_integration/build/CMakeFiles/CMakeTmp'
Building CXX object CMakeFiles/cmTC_38f3d.dir/CheckFunctionExists.cxx.o
/usr/bin/arm-linux-gnueabihf-g++    -DCHECK_FUNCTION_EXISTS=pthread_create   -o CMakeFiles/cmTC_38f3d.dir/CheckFunctionExists.cxx.o -c /home/kaist/DesignLab/20190288/final_ee405/ee405_final/motor_integration/build/CMakeFiles/CheckLibraryExists/CheckFunctionExists.cxx
Linking CXX executable cmTC_38f3d
/usr/bin/cmake -E cmake_link_script CMakeFiles/cmTC_38f3d.dir/link.txt --verbose=1
/usr/bin/arm-linux-gnueabihf-g++   -DCHECK_FUNCTION_EXISTS=pthread_create    CMakeFiles/cmTC_38f3d.dir/CheckFunctionExists.cxx.o  -o cmTC_38f3d -lpthread 
make[1]: Leaving directory '/home/kaist/DesignLab/20190288/final_ee405/ee405_final/motor_integration/build/CMakeFiles/CMakeTmp'


