Determining if the pthread_create exist failed with the following output:
Change Dir: /home/kaist/DesignLab/20190288/final_ee405/ee405_final/motor_integration/build/CMakeFiles/CMakeTmp

Run Build Command:"/usr/bin/make" "cmTC_13f3c/fast"
/usr/bin/make -f CMakeFiles/cmTC_13f3c.dir/build.make CMakeFiles/cmTC_13f3c.dir/build
make[1]: Entering directory '/home/kaist/DesignLab/20190288/final_ee405/ee405_final/motor_integration/build/CMakeFiles/CMakeTmp'
Building CXX object CMakeFiles/cmTC_13f3c.dir/CheckSymbolExists.cxx.o
/usr/bin/arm-linux-gnueabihf-g++     -o CMakeFiles/cmTC_13f3c.dir/CheckSymbolExists.cxx.o -c /home/kaist/DesignLab/20190288/final_ee405/ee405_final/motor_integration/build/CMakeFiles/CMakeTmp/CheckSymbolExists.cxx
Linking CXX executable cmTC_13f3c
/usr/bin/cmake -E cmake_link_script CMakeFiles/cmTC_13f3c.dir/link.txt --verbose=1
/usr/bin/arm-linux-gnueabihf-g++       CMakeFiles/cmTC_13f3c.dir/CheckSymbolExists.cxx.o  -o cmTC_13f3c 
CMakeFiles/cmTC_13f3c.dir/CheckSymbolExists.cxx.o: In function `main':
CheckSymbolExists.cxx:(.text+0x2c): undefined reference to `pthread_create'
collect2: error: ld returned 1 exit status
CMakeFiles/cmTC_13f3c.dir/build.make:97: recipe for target 'cmTC_13f3c' failed
make[1]: *** [cmTC_13f3c] Error 1
make[1]: Leaving directory '/home/kaist/DesignLab/20190288/final_ee405/ee405_final/motor_integration/build/CMakeFiles/CMakeTmp'
Makefile:126: recipe for target 'cmTC_13f3c/fast' failed
make: *** [cmTC_13f3c/fast] Error 2

File /home/kaist/DesignLab/20190288/final_ee405/ee405_final/motor_integration/build/CMakeFiles/CMakeTmp/CheckSymbolExists.cxx:
/* */
#include <pthread.h>

int main(int argc, char** argv)
{
  (void)argv;
#ifndef pthread_create
  return ((int*)(&pthread_create))[argc];
#else
  (void)argc;
  return 0;
#endif
}

Determining if the function pthread_create exists in the pthreads failed with the following output:
Change Dir: /home/kaist/DesignLab/20190288/final_ee405/ee405_final/motor_integration/build/CMakeFiles/CMakeTmp

Run Build Command:"/usr/bin/make" "cmTC_6a1ae/fast"
/usr/bin/make -f CMakeFiles/cmTC_6a1ae.dir/build.make CMakeFiles/cmTC_6a1ae.dir/build
make[1]: Entering directory '/home/kaist/DesignLab/20190288/final_ee405/ee405_final/motor_integration/build/CMakeFiles/CMakeTmp'
Building CXX object CMakeFiles/cmTC_6a1ae.dir/CheckFunctionExists.cxx.o
/usr/bin/arm-linux-gnueabihf-g++    -DCHECK_FUNCTION_EXISTS=pthread_create   -o CMakeFiles/cmTC_6a1ae.dir/CheckFunctionExists.cxx.o -c /home/kaist/DesignLab/20190288/final_ee405/ee405_final/motor_integration/build/CMakeFiles/CheckLibraryExists/CheckFunctionExists.cxx
Linking CXX executable cmTC_6a1ae
/usr/bin/cmake -E cmake_link_script CMakeFiles/cmTC_6a1ae.dir/link.txt --verbose=1
/usr/bin/arm-linux-gnueabihf-g++   -DCHECK_FUNCTION_EXISTS=pthread_create    CMakeFiles/cmTC_6a1ae.dir/CheckFunctionExists.cxx.o  -o cmTC_6a1ae -lpthreads 
/usr/lib/gcc-cross/arm-linux-gnueabihf/7/../../../../arm-linux-gnueabihf/bin/ld: cannot find -lpthreads
collect2: error: ld returned 1 exit status
CMakeFiles/cmTC_6a1ae.dir/build.make:97: recipe for target 'cmTC_6a1ae' failed
make[1]: *** [cmTC_6a1ae] Error 1
make[1]: Leaving directory '/home/kaist/DesignLab/20190288/final_ee405/ee405_final/motor_integration/build/CMakeFiles/CMakeTmp'
Makefile:126: recipe for target 'cmTC_6a1ae/fast' failed
make: *** [cmTC_6a1ae/fast] Error 2


